2024-04-18 18:51:15 | INFO | {"firstName":"mora","LastName":"mohamed","email":"mohamed@gmail.com","password":"123456aS"}
2024-04-18 18:56:26 | INFO | {"firstName":"mora","LastName":"mohamed","email":"mohamed@gmail.com","password":"123456aS"}
2024-04-18 18:56:26 | ERROR | undefined
2024-04-18 19:07:05 | WARN | "firstName" is required
2024-04-20 16:23:00 | WARN | "name" is not allowed
2024-04-20 16:23:14 | WARN | "firstName" is not allowed
2024-04-20 16:23:35 | INFO | {"email":"ahamed@gmail.com","password":"123456aS"}
2024-04-20 16:24:35 | INFO | {"email":"mora@gmail.com","password":"123456aS"}
2024-04-20 16:27:39 | WARN | "email" is required
2024-04-20 16:28:13 | WARN | "email" must be a valid email
2024-04-20 16:28:37 | WARN | "password" is required
2024-04-20 16:29:30 | INFO | {"email":"mora@gmail.com","password":"123456aS"}
2024-04-20 16:54:34 | INFO | {"email":"mora@gmail.com","password":"123456aS"}
2024-04-20 16:56:26 | INFO | {"email":"mohamed@gmail.com","password":"123456aS"}
2024-04-20 16:58:19 | INFO | {"email":"mohamed@gmail.com","password":"123456aS"}
2024-04-20 16:58:25 | INFO | {"email":"mohame@gmail.com","password":"123456aS"}
2024-04-20 16:58:31 | INFO | {"email":"mohamed@gmail.com","password":"123456aS"}
2024-04-20 17:03:13 | INFO | {"email":"mohamed@gmail.com","password":"123456aS"}
2024-04-20 17:04:13 | INFO | {"email":"mohamed@gmail.com","password":"123456aS"}
2024-04-20 17:06:51 | INFO | {"email":"mohamed@gmail.com","password":"123456aS"}
2024-04-20 17:08:14 | INFO | {"email":"mohamed@gmail.com","password":"123456aS"}
2024-04-20 17:08:28 | WARN | "password" with value "123456aS$" fails to match the required pattern: /^[a-zA-Z0-9]{3,30}$/
2024-04-20 17:08:35 | INFO | {"email":"mohamed@gmail.com","password":"123456aS"}
2024-04-20 17:10:24 | INFO | {"firstName":"youns","LastName":"sayed","email":"youns@gmail.com","password":"123456aS"}
2024-04-20 17:10:40 | INFO | {"email":"youns@gmail.com","password":"123456aS"}
2024-04-21 15:17:51 | INFO | {"email":"youns@gmail.com","password":"123456aS"}
2024-04-21 15:20:01 | INFO | {"email":"youns@gmail.com","password":"123456aS"}
2024-04-21 15:22:30 | INFO | {"email":"youns@gmail.com","password":"123456aS"}
2024-04-21 15:26:02 | INFO | {"email":"youns@gmail.com","password":"123456aS"}
2024-04-21 15:26:30 | INFO | {"email":"youns@gmail.com","password":"123456aS"}
2024-04-21 15:27:59 | INFO | {"email":"youns@gmail.com","password":"123456aS"}
2024-04-21 15:41:39 | INFO | {"email":"youns@gmail.com","password":"123456aS"}
2024-04-21 15:43:34 | INFO | {"email":"youns@gmail.com","password":"123456aS"}
2024-04-21 15:43:59 | INFO | {"email":"youns@gmail.com","password":"123456aS"}
2024-04-21 15:46:58 | INFO | {"email":"youns@gmail.com","password":"123456aS"}
2024-04-21 15:52:36 | INFO | {"email":"youns@gmail.com","password":"123456aS"}
2024-04-21 15:54:14 | INFO | {"email":"youns@gmail.com","password":"123456aS"}
2024-04-21 15:54:36 | INFO | {"email":"youns@gmail.com","password":"123456aS"}
2024-04-21 15:54:37 | INFO | {"email":"youns@gmail.com","password":"123456aS"}
2024-04-21 15:54:39 | INFO | {"email":"youns@gmail.com","password":"123456aS"}
2024-04-21 16:55:37 | INFO | {"email":"youns@gmail.com","password":"123456aS"}
2024-04-21 16:56:21 | INFO | {"email":"mora@gmail.com","password":"123456aS"}
2024-04-21 17:11:25 | INFO | {"email":"youns@gmail.com","password":"123456aS"}
2024-04-21 17:41:02 | INFO | {"email":"youns@gmail.com","password":"123456aS"}
2024-04-21 17:44:04 | ERROR | Cannot read properties of undefined (reading 'split')
2024-04-21 17:44:57 | ERROR | Cannot read properties of undefined (reading 'split')
2024-04-21 17:46:03 | INFO | {"email":"youns@gmail.com","password":"123456aS"}
2024-04-21 17:51:26 | ERROR | Cannot read properties of undefined (reading 'split')
2024-04-21 17:52:42 | ERROR | Cannot read properties of undefined (reading 'split')
2024-04-21 17:55:17 | INFO | {"email":"youns@gmail.com","password":"123456aS"}
2024-04-21 17:58:55 | ERROR | jwt must be provided
2024-04-21 17:59:40 | ERROR | jwt must be provided
2024-04-21 18:01:49 | ERROR | jwt must be provided
2024-04-21 18:03:44 | ERROR | jwt must be provided
2024-04-21 18:04:04 | INFO | {"email":"youns@gmail.com","password":"123456aS"}
2024-04-21 18:22:42 | ERROR | jwt must be provided
2024-04-21 18:23:20 | INFO | {"email":"youns@gmail.com","password":"123456aS"}
2024-04-21 18:26:41 | ERROR | jwt must be provided
2024-04-21 18:27:00 | ERROR | jwt must be provided
2024-04-21 18:27:20 | INFO | {"email":"youns@gmail.com","password":"123456aS"}
2024-04-22 12:37:42 | ERROR | jwt must be provided
2024-04-22 12:38:00 | ERROR | jwt must be provided
2024-04-22 12:38:21 | ERROR | jwt must be provided
2024-04-22 12:39:25 | ERROR | jwt must be provided
2024-04-22 12:39:59 | ERROR | jwt must be provided
2024-04-22 12:41:11 | ERROR | jwt must be provided
2024-04-22 12:41:53 | ERROR | jwt must be provided
2024-04-22 12:44:44 | INFO | {"email":"youns@gmail.com","password":"123456aS"}
2024-04-22 12:44:51 | INFO | {"email":"youns@gmail.com","password":"123456aS"}
2024-04-22 12:51:26 | ERROR | jwt must be provided
2024-04-22 12:53:20 | ERROR | jwt must be provided
2024-04-22 12:55:58 | ERROR | jwt must be provided
2024-04-22 12:56:12 | INFO | {"email":"youns@gmail.com","password":"123456aS"}
2024-04-22 12:56:26 | ERROR | blog validation failed: date: Path `date` is required.
2024-04-22 13:10:25 | ERROR | jwt must be provided
2024-04-22 13:10:47 | INFO | {"email":"youns@gmail.com","password":"123456aS"}
2024-04-22 13:19:08 | ERROR | jwt must be provided
2024-04-22 13:19:26 | INFO | {"email":"youns@gmail.com","password":"123456aS"}
2024-04-22 13:38:06 | ERROR | Cannot read properties of null (reading 'save')
2024-04-25 10:18:12 | ERROR | jwt must be provided
2024-04-25 10:18:19 | ERROR | jwt must be provided
2024-04-25 10:19:10 | ERROR | jwt must be provided
2024-04-25 10:21:22 | INFO | {"email":"youns@gmail.com","password":"123456aS"}
2024-04-25 10:26:25 | INFO | {"email":"youns@gmail.com","password":"123456aS"}
2024-04-25 10:28:23 | INFO | youns
2024-04-25 11:27:07 | ERROR | user validation failed: password: Path `password` is required.
2024-05-03 19:23:15 | WARN | "firstName" is not allowed
2024-05-03 19:23:34 | INFO | {"firstName":"mora","LastName":"mohamed ","email":"mora@gmail.com","password":"1234as"}
2024-05-03 19:29:18 | INFO | {"firstName":"mora","LastName":"mohamed ","email":"mora@gmail.com","password":"1234as"}
2024-05-03 19:31:59 | INFO | {"firstName":"mora","LastName":"mohamed ","email":"mora@gmail.com","password":"1234as"}
2024-05-03 19:34:14 | INFO | {"firstName":"mora","LastName":"mohamed ","email":"mora@gmail.com","password":"1234jljas"}
2024-05-03 19:34:43 | INFO | {"email":"mora@gmail.com","password":"1234jljas"}
